2026-11-03 12:39:00 | INFO | repo=0xDeCA10B | action=commit
2026-01-11 17:51:00 | WARN | repo=0xDeCA10B | action=commit
2026-11-21 10:26:00 | DEBUG | repo=0xDeCA10B | action=commit
2026-08-17 14:05:00 | INFO | repo=0xDeCA10B | action=commit
2026-01-11 16:08:00 | INFO | repo=0xDeCA10B | action=pull
2026-12-08 09:28:00 | INFO | repo=0xDeCA10B | action=commit
2026-05-09 17:59:00 | WARN | repo=0xDeCA10B | action=commit
2026-10-10 09:03:00 | INFO | repo=0xDeCA10B | action=test | passed=true
2025-01-02 12:36:00 | INFO | repo=0xDeCA10B | action=commit
2025-05-02 07:13:00 | WARN | repo=0xDeCA10B | action=commit
2025-09-13 14:50:00 | DEBUG | repo=0xDeCA10B | action=commit
2025-08-22 08:51:00 | INFO | repo=0xDeCA10B | action=commit
2025-05-09 11:48:00 | WARN | repo=0xDeCA10B | action=commit
2025-07-16 15:09:00 | WARN | repo=0xDeCA10B | action=pull
2025-08-28 09:22:00 | INFO | repo=0xDeCA10B | action=commit
2025-06-06 18:44:00 | WARN | repo=0xDeCA10B | action=commit
2025-01-07 15:07:00 | INFO | repo=0xDeCA10B | action=test | passed=true
2025-03-24 18:36:00 | WARN | repo=0xDeCA10B | action=commit
2025-02-10 10:06:00 | DEBUG | repo=0xDeCA10B | action=commit
2025-12-22 15:39:00 | WARN | repo=0xDeCA10B | action=commit
2025-10-23 07:32:00 | DEBUG | repo=0xDeCA10B | action=commit
2025-02-04 16:30:00 | WARN | repo=0xDeCA10B | action=commit
2025-06-23 14:44:00 | INFO | repo=0xDeCA10B | action=commit
2025-09-09 20:59:00 | DEBUG | repo=0xDeCA10B | action=commit
2025-10-14 11:54:00 | INFO | repo=0xDeCA10B | action=commit
